LOG FILE: F:\abb_wh_work\l2_factoryio\logs\F3_probe_20260712_232416.log
* 载入位已有箱，跳过输送
* Target Position = 55 (rest=载入台)
  [ok  0.44s] crane -> 55 already settled (no motion)
* 取箱：Left 侧伸叉 -> Lift=True -> 回中
  [ok  2.38s] forks At Left
  [start 0.12s] lift load
  [ok  2.12s] lift load settled
  [ok  0.44s] At Load cleared
  [ok  2.38s] forks At Middle
  [ok  0.44s] cargo clear of At Load
* Target Position = 1 (货位 1)
  [start 0.14s] crane -> 1
  [ok  2.84s] crane -> 1 settled
* 放箱：Right 侧伸叉 -> Lift=False -> 回中（货位 1）
  [ok  2.31s] forks At Right
  [start 0.08s] lower load
  [ok  2.01s] lower load settled
  [ok  2.38s] forks At Middle
* Target Position = 55 (cycle complete)
  [start 0.14s] crane -> 55
  [ok  2.84s] crane -> 55 settled
=== 货位 1 单箱流程完成 ===

SAFE STOP: C0..C6=False, Target=0
ALL DONE in 24.2s
